[debug] [2021-04-02T01:11:14.805Z] ----------------------------------------------------------------------
[debug] [2021-04-02T01:11:14.807Z] Command:       C:\Program Files\nodejs\node.exe C:\Users\Pranesh\AppData\Roaming\npm\node_modules\firebase-tools\lib\bin\firebase.js init
[debug] [2021-04-02T01:11:14.808Z] CLI Version:   9.6.1
[debug] [2021-04-02T01:11:14.808Z] Platform:      win32
[debug] [2021-04-02T01:11:14.808Z] Node Version:  v14.15.4
[debug] [2021-04-02T01:11:14.809Z] Time:          Fri Apr 02 2021 07:11:14 GMT+0600 (Bangladesh Standard Time)
[debug] [2021-04-02T01:11:14.809Z] ----------------------------------------------------------------------
[debug] [2021-04-02T01:11:14.809Z] 
[debug] [2021-04-02T01:11:14.814Z] > command requires scopes: ["email","openid","https://www.googleapis.com/auth/cloudplatformprojects.readonly","https://www.googleapis.com/auth/firebase","https://www.googleapis.com/auth/cloud-platform"]
[debug] [2021-04-02T01:11:14.814Z] > authorizing via signed-in user
[info] 
     ######## #### ########  ######## ########     ###     ######  ########
     ##        ##  ##     ## ##       ##     ##  ##   ##  ##       ##
     ######    ##  ########  ######   ########  #########  ######  ######
     ##        ##  ##    ##  ##       ##     ## ##     ##       ## ##
     ##       #### ##     ## ######## ########  ##     ##  ######  ########

You're about to initialize a Firebase project in this directory:

  D:\web dev\mile 10\assignment\client

Before we get started, keep in mind:

  * You are initializing in an existing Firebase project directory

[info] 
=== Project Setup
[info] 
[info] First, let's associate this project directory with a Firebase project.
[info] You can create multiple project aliases by running firebase use --add, 
[info] but for now we'll just set up a default project.
[info] 
[info] i  .firebaserc already has a default project, using practice-e2c56. 
[debug] [2021-04-02T01:11:26.837Z] >>> [apiv2][query] GET https://firebase.googleapis.com/v1beta1/projects/practice-e2c56 [none]
[debug] [2021-04-02T01:11:27.610Z] <<< [apiv2][status] GET https://firebase.googleapis.com/v1beta1/projects/practice-e2c56 403
[debug] [2021-04-02T01:11:27.611Z] <<< [apiv2][body] GET https://firebase.googleapis.com/v1beta1/projects/practice-e2c56 {"error":{"code":403,"message":"The caller does not have permission","status":"PERMISSION_DENIED"}}
[debug] [2021-04-02T01:11:27.611Z] HTTP Error: 403, The caller does not have permission
[debug] [2021-04-02T01:11:27.612Z] FirebaseError: HTTP Error: 403, The caller does not have permission
    at module.exports (C:\Users\Pranesh\AppData\Roaming\npm\node_modules\firebase-tools\lib\responseToError.js:38:12)
    at Client.doRequest (C:\Users\Pranesh\AppData\Roaming\npm\node_modules\firebase-tools\lib\apiv2.js:238:23)
    at processTicksAndRejections (internal/process/task_queues.js:93:5)
    at async Client.request (C:\Users\Pranesh\AppData\Roaming\npm\node_modules\firebase-tools\lib\apiv2.js:96:20)
    at async Object.getFirebaseProject (C:\Users\Pranesh\AppData\Roaming\npm\node_modules\firebase-tools\lib\management\projects.js:289:21)
    at async Object.doSetup [as project] (C:\Users\Pranesh\AppData\Roaming\npm\node_modules\firebase-tools\lib\init\features\project.js:77:27)
    at async init (C:\Users\Pranesh\AppData\Roaming\npm\node_modules\firebase-tools\lib\init\index.js:19:9)
[error] 
[error] Error: Failed to get Firebase project practice-e2c56. Please make sure the project exists and your account has permission to access it.
